  Source.cpp
c:\users\komar\source\repos\project67\project67\source.cpp(17): warning C4101: x: неиспользованная локальная переменная
c:\program files (x86)\microsoft visual studio\2017\community\vc\tools\msvc\14.16.27023\include\xutility(1108): error C2197: int (__cdecl *)(int): слишком много аргументов для вызова
  c:\program files (x86)\microsoft visual studio\2017\community\vc\tools\msvc\14.16.27023\include\xutility(1107): note: выполняется компиляция ссылки на экземпляр шаблон функции "bool std::_Debug_lt_pred<int(__cdecl *&)(int),int&,int&>(_Pr,_Ty1,_Ty2) noexcept(<expr>)"
          with
          [
              _Pr=int (__cdecl *&)(int),
              _Ty1=int &,
              _Ty2=int &
          ]
  c:\program files (x86)\microsoft visual studio\2017\community\vc\tools\msvc\14.16.27023\include\algorithm(4000): note: выполняется компиляция ссылки на экземпляр шаблон функции "std::pair<_RanIt,_RanIt> std::_Partition_by_median_guess_unchecked<_RanIt,int(__cdecl *)(int)>(_RanIt,_RanIt,_Pr)"
          with
          [
              _RanIt=int *,
              _Pr=int (__cdecl *)(int)
          ]
  c:\program files (x86)\microsoft visual studio\2017\community\vc\tools\msvc\14.16.27023\include\algorithm(4034): note: выполняется компиляция ссылки на экземпляр шаблон функции "void std::_Sort_unchecked<int*,int(__cdecl *)(int)>(_RanIt,_RanIt,int,_Pr)"
          with
          [
              _RanIt=int *,
              _Pr=int (__cdecl *)(int)
          ]
  c:\users\komar\source\repos\project67\project67\source.cpp(25): note: выполняется компиляция ссылки на экземпляр шаблон функции "void std::sort<std::_Vector_iterator<std::_Vector_val<std::_Simple_types<_Ty>>>,int(__cdecl *)(int)>(const _RanIt,const _RanIt,_Pr)"
          with
          [
              _Ty=int,
              _RanIt=std::_Vector_iterator<std::_Vector_val<std::_Simple_types<int>>>,
              _Pr=int (__cdecl *)(int)
          ]
c:\program files (x86)\microsoft visual studio\2017\community\vc\tools\msvc\14.16.27023\include\xutility(1108): error C2056: недопустимое выражение
c:\program files (x86)\microsoft visual studio\2017\community\vc\tools\msvc\14.16.27023\include\algorithm(3907): error C2197: _Pr: слишком много аргументов для вызова
          with
          [
              _Pr=int (__cdecl *)(int)
          ]
c:\program files (x86)\microsoft visual studio\2017\community\vc\tools\msvc\14.16.27023\include\algorithm(3914): error C2197: _Pr: слишком много аргументов для вызова
          with
          [
              _Pr=int (__cdecl *)(int)
          ]
c:\program files (x86)\microsoft visual studio\2017\community\vc\tools\msvc\14.16.27023\include\algorithm(3929): error C2197: _Pr: слишком много аргументов для вызова
          with
          [
              _Pr=int (__cdecl *)(int)
          ]
c:\program files (x86)\microsoft visual studio\2017\community\vc\tools\msvc\14.16.27023\include\algorithm(3949): error C2197: _Pr: слишком много аргументов для вызова
          with
          [
              _Pr=int (__cdecl *)(int)
          ]
